nohup: ignoring input
[I 22:43:21.426 NotebookApp] JupyterLab extension loaded from /home/zjq/anaconda3/lib/python3.7/site-packages/jupyterlab
[I 22:43:21.426 NotebookApp] JupyterLab application directory is /home/zjq/anaconda3/share/jupyter/lab
[I 22:43:21.429 NotebookApp] Serving notebooks from local directory: /mnt/e/01_opencl
[I 22:43:21.429 NotebookApp] The Jupyter Notebook is running at:
[I 22:43:21.429 NotebookApp] http://localhost:8888/?token=bc4072d2bd0fd0dfce049463180ca5175e02c617fa8c249a
[I 22:43:21.429 NotebookApp] Use Control-C to stop this server and shut down all kernels (twice to skip confirmation).
[C 22:43:21.435 NotebookApp] 
    
    Copy/paste this URL into your browser when you connect for the first time,
    to login with a token:
        http://localhost:8888/?token=bc4072d2bd0fd0dfce049463180ca5175e02c617fa8c249a
[I 22:43:22.092 NotebookApp] Accepting one-time-token-authenticated connection from 127.0.0.1
[I 22:43:30.059 NotebookApp] Creating new notebook in 
[I 22:43:30.773 NotebookApp] Kernel started: 44b585d5-67d8-4cbc-9e32-2a237572a2a1
[I 22:43:31.191 NotebookApp] Adapting to protocol v5.1 for kernel 44b585d5-67d8-4cbc-9e32-2a237572a2a1
[I 22:43:50.888 NotebookApp] Saving file at /Untitled.ipynb
[I 22:43:55.327 NotebookApp] Starting buffering for 44b585d5-67d8-4cbc-9e32-2a237572a2a1:0e3fe0b1bd314f83b3aebf22234a7104
[I 22:44:10.501 NotebookApp] Kernel shutdown: 44b585d5-67d8-4cbc-9e32-2a237572a2a1
[C 22:45:46.628 NotebookApp] received signal 15, stopping
[I 22:45:46.629 NotebookApp] Shutting down 0 kernels
